0 info it worked if it ends with ok
1 verbose cli [ '/usr/local/bin/node', '/usr/local/bin/npm', 'run', 'serve' ]
2 info using npm@3.9.1
3 info using node@v5.3.0
4 verbose run-script [ 'preserve', 'serve', 'postserve' ]
5 info lifecycle php-admin@0.0.0~preserve: php-admin@0.0.0
6 silly lifecycle php-admin@0.0.0~preserve: no script for preserve, continuing
7 info lifecycle php-admin@0.0.0~serve: php-admin@0.0.0
8 verbose lifecycle php-admin@0.0.0~serve: unsafe-perm in lifecycle true
9 verbose lifecycle php-admin@0.0.0~serve: PATH: /usr/local/lib/node_modules/npm/bin/node-gyp-bin:/Users/geoffreydavis/Documents/github/php-admin/node_modules/.bin:/usr/local/bin:/Users/geoffreydavis/.rvm/gems/ruby-2.2.1/bin:/Users/geoffreydavis/.rvm/gems/ruby-2.2.1@global/bin:/Users/geoffreydavis/.rvm/rubies/ruby-2.2.1/bin:/usr/local/bin:/usr/bin:/bin:/usr/sbin:/sbin:/Users/geoffreydavis/.rvm/bin
10 verbose lifecycle php-admin@0.0.0~serve: CWD: /Users/geoffreydavis/Documents/github/php-admin
11 silly lifecycle php-admin@0.0.0~serve: Args: [ '-c', 'cd public && php -S localhost:19091; cd -;' ]
12 silly lifecycle php-admin@0.0.0~serve: Returned: code: 1  signal: null
13 info lifecycle php-admin@0.0.0~serve: Failed to exec serve script
14 verbose stack Error: php-admin@0.0.0 serve: `cd public && php -S localhost:19091; cd -;`
14 verbose stack Exit status 1
14 verbose stack     at EventEmitter.<anonymous> (/usr/local/lib/node_modules/npm/lib/utils/lifecycle.js:245:16)
14 verbose stack     at emitTwo (events.js:87:13)
14 verbose stack     at EventEmitter.emit (events.js:172:7)
14 verbose stack     at ChildProcess.<anonymous> (/usr/local/lib/node_modules/npm/lib/utils/spawn.js:24:14)
14 verbose stack     at emitTwo (events.js:87:13)
14 verbose stack     at ChildProcess.emit (events.js:172:7)
14 verbose stack     at maybeClose (internal/child_process.js:818:16)
14 verbose stack     at Process.ChildProcess._handle.onexit (internal/child_process.js:211:5)
15 verbose pkgid php-admin@0.0.0
16 verbose cwd /Users/geoffreydavis/Documents/github/php-admin
17 error Darwin 15.5.0
18 error argv "/usr/local/bin/node" "/usr/local/bin/npm" "run" "serve"
19 error node v5.3.0
20 error npm  v3.9.1
21 error code ELIFECYCLE
22 error php-admin@0.0.0 serve: `cd public && php -S localhost:19091; cd -;`
22 error Exit status 1
23 error Failed at the php-admin@0.0.0 serve script 'cd public && php -S localhost:19091; cd -;'.
23 error Make sure you have the latest version of node.js and npm installed.
23 error If you do, this is most likely a problem with the php-admin package,
23 error not with npm itself.
23 error Tell the author that this fails on your system:
23 error     cd public && php -S localhost:19091; cd -;
23 error You can get information on how to open an issue for this project with:
23 error     npm bugs php-admin
23 error Or if that isn't available, you can get their info via:
23 error     npm owner ls php-admin
23 error There is likely additional logging output above.
24 verbose exit [ 1, true ]
